2025-04-03T22:25:20.826+05:30  INFO 6104 --- [CarRentalApp] [main] c.d.C.CarRentalAppApplication            : Starting CarRentalAppApplication using Java 21.0.2 with PID 6104 (C:\Users\Swast\eclipse-workspace\CarRentalApp\target\classes started by Swast in C:\Users\Swast\eclipse-workspace\CarRentalApp)
2025-04-03T22:25:20.844+05:30  INFO 6104 --- [CarRentalApp] [main] c.d.C.CarRentalAppApplication            : No active profile set, falling back to 1 default profile: "default"
2025-04-03T22:25:21.549+05:30  INFO 6104 --- [CarRentalApp] [main] .s.d.r.c.RepositoryConfigurationDelegate : Bootstrapping Spring Data JPA repositories in DEFAULT mode.
2025-04-03T22:25:21.602+05:30  INFO 6104 --- [CarRentalApp] [main] .s.d.r.c.RepositoryConfigurationDelegate : Finished Spring Data repository scanning in 47 ms. Found 4 JPA repository interfaces.
2025-04-03T22:25:22.108+05:30  INFO 6104 --- [CarRentalApp] [main] o.s.b.w.embedded.tomcat.TomcatWebServer  : Tomcat initialized with port 8082 (http)
2025-04-03T22:25:22.136+05:30  INFO 6104 --- [CarRentalApp] [main] o.apache.catalina.core.StandardService   : Starting service [Tomcat]
2025-04-03T22:25:22.136+05:30  INFO 6104 --- [CarRentalApp] [main] o.apache.catalina.core.StandardEngine    : Starting Servlet engine: [Apache Tomcat/10.1.39]
2025-04-03T22:25:22.182+05:30  INFO 6104 --- [CarRentalApp] [main] o.a.c.c.C.[Tomcat].[localhost].[/]       : Initializing Spring embedded WebApplicationContext
2025-04-03T22:25:22.182+05:30  INFO 6104 --- [CarRentalApp] [main] w.s.c.ServletWebServerApplicationContext : Root WebApplicationContext: initialization completed in 1247 ms
2025-04-03T22:25:22.355+05:30  INFO 6104 --- [CarRentalApp] [main] o.hibernate.jpa.internal.util.LogHelper  : HHH000204: Processing PersistenceUnitInfo [name: default]
2025-04-03T22:25:22.416+05:30  INFO 6104 --- [CarRentalApp] [main] org.hibernate.Version                    : HHH000412: Hibernate ORM core version 6.6.11.Final
2025-04-03T22:25:22.480+05:30  INFO 6104 --- [CarRentalApp] [main] o.h.c.internal.RegionFactoryInitiator    : HHH000026: Second-level cache disabled
2025-04-03T22:25:22.788+05:30  INFO 6104 --- [CarRentalApp] [main] o.s.o.j.p.SpringPersistenceUnitInfo      : No LoadTimeWeaver setup: ignoring JPA class transformer
2025-04-03T22:25:22.826+05:30  INFO 6104 --- [CarRentalApp] [main] com.zaxxer.hikari.HikariDataSource       : HikariPool-1 - Starting...
2025-04-03T22:25:23.292+05:30  INFO 6104 --- [CarRentalApp] [main] com.zaxxer.hikari.pool.HikariPool        : HikariPool-1 - Added connection com.mysql.cj.jdbc.ConnectionImpl@3de88f64
2025-04-03T22:25:23.294+05:30  INFO 6104 --- [CarRentalApp] [main] com.zaxxer.hikari.HikariDataSource       : HikariPool-1 - Start completed.
2025-04-03T22:25:23.358+05:30  WARN 6104 --- [CarRentalApp] [main] org.hibernate.orm.deprecation            : HHH90000025: MySQLDialect does not need to be specified explicitly using 'hibernate.dialect' (remove the property setting and it will be selected by default)
2025-04-03T22:25:23.378+05:30  INFO 6104 --- [CarRentalApp] [main] org.hibernate.orm.connections.pooling    : HHH10001005: Database info:
	Database JDBC URL [Connecting through datasource 'HikariDataSource (HikariPool-1)']
	Database driver: undefined/unknown
	Database version: 8.0.36
	Autocommit mode: undefined/unknown
	Isolation level: undefined/unknown
	Minimum pool size: undefined/unknown
	Maximum pool size: undefined/unknown
2025-04-03T22:25:24.262+05:30  INFO 6104 --- [CarRentalApp] [main] o.h.e.t.j.p.i.JtaPlatformInitiator       : HHH000489: No JTA platform available (set 'hibernate.transaction.jta.platform' to enable JTA platform integration)
2025-04-03T22:25:24.341+05:30  INFO 6104 --- [CarRentalApp] [main] j.LocalContainerEntityManagerFactoryBean : Initialized JPA EntityManagerFactory for persistence unit 'default'
2025-04-03T22:25:24.699+05:30  WARN 6104 --- [CarRentalApp] [main] JpaBaseConfiguration$JpaWebConfiguration : spring.jpa.open-in-view is enabled by default. Therefore, database queries may be performed during view rendering. Explicitly configure spring.jpa.open-in-view to disable this warning
2025-04-03T22:25:24.718+05:30  INFO 6104 --- [CarRentalApp] [main] r$InitializeUserDetailsManagerConfigurer : Global AuthenticationManager configured with UserDetailsService bean with name customUserDetailsService
2025-04-03T22:25:24.939+05:30 DEBUG 6104 --- [CarRentalApp] [main] o.s.s.web.DefaultSecurityFilterChain     : Will secure any request with filters: DisableEncodeUrlFilter, WebAsyncManagerIntegrationFilter, SecurityContextHolderFilter, HeaderWriterFilter, LogoutFilter, BasicAuthenticationFilter, RequestCacheAwareFilter, SecurityContextHolderAwareRequestFilter, AnonymousAuthenticationFilter, SessionManagementFilter, ExceptionTranslationFilter, AuthorizationFilter
2025-04-03T22:25:25.139+05:30  INFO 6104 --- [CarRentalApp] [main] o.s.b.w.embedded.tomcat.TomcatWebServer  : Tomcat started on port 8082 (http) with context path '/'
2025-04-03T22:25:25.147+05:30  INFO 6104 --- [CarRentalApp] [main] c.d.C.CarRentalAppApplication            : Started CarRentalAppApplication in 4.775 seconds (process running for 5.498)
