2025-04-04T22:56:12.563+05:30  INFO 9000 --- [CarRentalApp] [main] o.s.t.web.servlet.TestDispatcherServlet  : Initializing Servlet ''
2025-04-04T22:56:12.570+05:30  INFO 9000 --- [CarRentalApp] [main] o.s.t.web.servlet.TestDispatcherServlet  : Completed initialization in 2 ms
2025-04-04T22:56:12.723+05:30  INFO 9000 --- [CarRentalApp] [main] o.s.b.w.embedded.tomcat.TomcatWebServer  : Tomcat started on port 63798 (http) with context path '/'
2025-04-04T22:56:12.740+05:30  INFO 9000 --- [CarRentalApp] [main] c.d.C.i.CarRentalIntegrationTest         : Started CarRentalIntegrationTest in 5.919 seconds (process running for 6.987)
2025-04-04T22:56:13.399+05:30 DEBUG 9000 --- [CarRentalApp] [main] o.s.security.web.FilterChainProxy        : Securing GET /api/bookings/all
2025-04-04T22:56:13.408+05:30 DEBUG 9000 --- [CarRentalApp] [main] o.s.security.web.FilterChainProxy        : Secured GET /api/bookings/all
2025-04-04T22:56:13.427+05:30  INFO 9000 --- [CarRentalApp] [main] c.d.C.controller.BookingController       : Fetching all bookings
2025-04-04T22:56:13.428+05:30  INFO 9000 --- [CarRentalApp] [main] c.d.CarRentalApp.service.BookingService  : Fetching all bookings
2025-04-04T22:56:13.548+05:30  INFO 9000 --- [CarRentalApp] [main] c.d.C.controller.BookingController       : Total bookings retrieved: 7
2025-04-04T22:56:13.675+05:30 DEBUG 9000 --- [CarRentalApp] [main] o.s.security.web.FilterChainProxy        : Securing PUT /api/cars/update/84
2025-04-04T22:56:13.675+05:30 DEBUG 9000 --- [CarRentalApp] [main] o.s.security.web.FilterChainProxy        : Secured PUT /api/cars/update/84
2025-04-04T22:56:13.740+05:30  INFO 9000 --- [CarRentalApp] [main] c.d.C.controller.CarController           : Updating car with ID: 84
2025-04-04T22:56:13.740+05:30  INFO 9000 --- [CarRentalApp] [main] c.demo.CarRentalApp.service.CarService   : Updating car with ID: 84
2025-04-04T22:56:13.756+05:30  INFO 9000 --- [CarRentalApp] [main] c.demo.CarRentalApp.service.CarService   : Car updated successfully: Toyota - Toyota Corolla
2025-04-04T22:56:13.757+05:30  INFO 9000 --- [CarRentalApp] [main] c.d.C.controller.CarController           : Car updated successfully: ID = 84, Model = Toyota Corolla
2025-04-04T22:56:13.795+05:30 DEBUG 9000 --- [CarRentalApp] [main] o.s.security.web.FilterChainProxy        : Securing GET /api/cars/available
2025-04-04T22:56:13.795+05:30 DEBUG 9000 --- [CarRentalApp] [main] o.s.security.web.FilterChainProxy        : Secured GET /api/cars/available
2025-04-04T22:56:13.796+05:30  INFO 9000 --- [CarRentalApp] [main] c.d.C.controller.CarController           : Fetching available cars...
2025-04-04T22:56:13.798+05:30  INFO 9000 --- [CarRentalApp] [main] c.demo.CarRentalApp.service.CarService   : Fetching available cars
2025-04-04T22:56:13.831+05:30  INFO 9000 --- [CarRentalApp] [main] c.d.C.controller.CarController           : Total available cars: 10
2025-04-04T22:56:13.863+05:30 DEBUG 9000 --- [CarRentalApp] [main] o.s.security.web.FilterChainProxy        : Securing POST /api/bookings/book
2025-04-04T22:56:13.865+05:30 DEBUG 9000 --- [CarRentalApp] [main] o.s.security.web.FilterChainProxy        : Secured POST /api/bookings/book
2025-04-04T22:56:13.869+05:30  INFO 9000 --- [CarRentalApp] [main] c.d.C.controller.BookingController       : Booking request received for User ID: 44, Car ID: 86, Start Date: 2025-04-04, End Date: 2025-04-06
2025-04-04T22:56:13.869+05:30  INFO 9000 --- [CarRentalApp] [main] c.d.CarRentalApp.service.BookingService  : Book car with ID: 86 for user ID: 44
2025-04-04T22:56:13.874+05:30  INFO 9000 --- [CarRentalApp] [main] c.d.CarRentalApp.service.BookingService  : Booking cost calculated: 100.0 for 2 days
2025-04-04T22:56:13.883+05:30  INFO 9000 --- [CarRentalApp] [main] c.d.CarRentalApp.service.BookingService  : Booking successful: User testuser booked Car Toyota Corolla from 2025-04-04 to 2025-04-06 for $100.0
2025-04-04T22:56:13.886+05:30  INFO 9000 --- [CarRentalApp] [main] c.d.CarRentalApp.service.BookingService  : Car status updated to unavailable for Car ID: 86
2025-04-04T22:56:13.886+05:30  INFO 9000 --- [CarRentalApp] [main] c.d.C.controller.BookingController       : Car booked successfully! Booking ID: 15, Car ID: 86
2025-04-04T22:56:13.978+05:30 DEBUG 9000 --- [CarRentalApp] [main] o.s.security.web.FilterChainProxy        : Securing GET /api/payments/all
2025-04-04T22:56:13.979+05:30 DEBUG 9000 --- [CarRentalApp] [main] o.s.security.web.FilterChainProxy        : Secured GET /api/payments/all
2025-04-04T22:56:13.980+05:30  INFO 9000 --- [CarRentalApp] [main] c.d.C.controller.PaymentController       : Fetching all payments...
2025-04-04T22:56:13.980+05:30  INFO 9000 --- [CarRentalApp] [main] c.d.CarRentalApp.service.PaymentService  : Fetching all payments (Admin only)
2025-04-04T22:56:14.002+05:30  INFO 9000 --- [CarRentalApp] [main] c.d.C.controller.PaymentController       : Total payments retrieved: 3
2025-04-04T22:56:14.041+05:30 DEBUG 9000 --- [CarRentalApp] [main] o.s.security.web.FilterChainProxy        : Securing DELETE /api/cars/delete/88
2025-04-04T22:56:14.042+05:30 DEBUG 9000 --- [CarRentalApp] [main] o.s.security.web.FilterChainProxy        : Secured DELETE /api/cars/delete/88
