2025-04-04T22:51:55.446+05:30  INFO 5272 --- [CarRentalApp] [SpringApplicationShutdownHook] com.zaxxer.hikari.HikariDataSource       : HikariPool-1 - Shutdown initiated...
2025-04-04T22:51:55.482+05:30  INFO 5272 --- [CarRentalApp] [SpringApplicationShutdownHook] com.zaxxer.hikari.HikariDataSource       : HikariPool-1 - Shutdown completed.
2025-04-04T22:56:07.228+05:30  INFO 9000 --- [CarRentalApp] [main] c.d.C.i.CarRentalIntegrationTest         : Starting CarRentalIntegrationTest using Java 21.0.2 with PID 9000 (started by Swast in C:\Users\Swast\eclipse-workspace\CarRentalApp)
2025-04-04T22:56:07.230+05:30  INFO 9000 --- [CarRentalApp] [main] c.d.C.i.CarRentalIntegrationTest         : No active profile set, falling back to 1 default profile: "default"
2025-04-04T22:56:08.089+05:30  INFO 9000 --- [CarRentalApp] [main] .s.d.r.c.RepositoryConfigurationDelegate : Bootstrapping Spring Data JPA repositories in DEFAULT mode.
2025-04-04T22:56:08.180+05:30  INFO 9000 --- [CarRentalApp] [main] .s.d.r.c.RepositoryConfigurationDelegate : Finished Spring Data repository scanning in 63 ms. Found 4 JPA repository interfaces.
2025-04-04T22:56:08.840+05:30  INFO 9000 --- [CarRentalApp] [main] o.s.b.w.embedded.tomcat.TomcatWebServer  : Tomcat initialized with port 0 (http)
2025-04-04T22:56:08.862+05:30  INFO 9000 --- [CarRentalApp] [main] o.apache.catalina.core.StandardService   : Starting service [Tomcat]
2025-04-04T22:56:08.864+05:30  INFO 9000 --- [CarRentalApp] [main] o.apache.catalina.core.StandardEngine    : Starting Servlet engine: [Apache Tomcat/10.1.39]
2025-04-04T22:56:08.956+05:30  INFO 9000 --- [CarRentalApp] [main] o.a.c.c.C.[Tomcat].[localhost].[/]       : Initializing Spring embedded WebApplicationContext
2025-04-04T22:56:08.957+05:30  INFO 9000 --- [CarRentalApp] [main] w.s.c.ServletWebServerApplicationContext : Root WebApplicationContext: initialization completed in 1699 ms
2025-04-04T22:56:09.231+05:30  INFO 9000 --- [CarRentalApp] [main] o.hibernate.jpa.internal.util.LogHelper  : HHH000204: Processing PersistenceUnitInfo [name: default]
2025-04-04T22:56:09.335+05:30  INFO 9000 --- [CarRentalApp] [main] org.hibernate.Version                    : HHH000412: Hibernate ORM core version 6.6.11.Final
2025-04-04T22:56:09.382+05:30  INFO 9000 --- [CarRentalApp] [main] o.h.c.internal.RegionFactoryInitiator    : HHH000026: Second-level cache disabled
2025-04-04T22:56:09.683+05:30  INFO 9000 --- [CarRentalApp] [main] o.s.o.j.p.SpringPersistenceUnitInfo      : No LoadTimeWeaver setup: ignoring JPA class transformer
2025-04-04T22:56:09.730+05:30  INFO 9000 --- [CarRentalApp] [main] com.zaxxer.hikari.HikariDataSource       : HikariPool-1 - Starting...
2025-04-04T22:56:10.158+05:30  INFO 9000 --- [CarRentalApp] [main] com.zaxxer.hikari.pool.HikariPool        : HikariPool-1 - Added connection com.mysql.cj.jdbc.ConnectionImpl@3af39e7b
2025-04-04T22:56:10.163+05:30  INFO 9000 --- [CarRentalApp] [main] com.zaxxer.hikari.HikariDataSource       : HikariPool-1 - Start completed.
2025-04-04T22:56:10.240+05:30  WARN 9000 --- [CarRentalApp] [main] org.hibernate.orm.deprecation            : HHH90000025: MySQLDialect does not need to be specified explicitly using 'hibernate.dialect' (remove the property setting and it will be selected by default)
2025-04-04T22:56:10.268+05:30  INFO 9000 --- [CarRentalApp] [main] org.hibernate.orm.connections.pooling    : HHH10001005: Database info:
	Database JDBC URL [Connecting through datasource 'HikariDataSource (HikariPool-1)']
	Database driver: undefined/unknown
	Database version: 8.0.36
	Autocommit mode: undefined/unknown
	Isolation level: undefined/unknown
	Minimum pool size: undefined/unknown
	Maximum pool size: undefined/unknown
2025-04-04T22:56:11.334+05:30  INFO 9000 --- [CarRentalApp] [main] o.h.e.t.j.p.i.JtaPlatformInitiator       : HHH000489: No JTA platform available (set 'hibernate.transaction.jta.platform' to enable JTA platform integration)
2025-04-04T22:56:11.409+05:30  INFO 9000 --- [CarRentalApp] [main] j.LocalContainerEntityManagerFactoryBean : Initialized JPA EntityManagerFactory for persistence unit 'default'
2025-04-04T22:56:11.857+05:30  WARN 9000 --- [CarRentalApp] [main] JpaBaseConfiguration$JpaWebConfiguration : spring.jpa.open-in-view is enabled by default. Therefore, database queries may be performed during view rendering. Explicitly configure spring.jpa.open-in-view to disable this warning
2025-04-04T22:56:11.886+05:30  INFO 9000 --- [CarRentalApp] [main] r$InitializeUserDetailsManagerConfigurer : Global AuthenticationManager configured with UserDetailsService bean with name customUserDetailsService
2025-04-04T22:56:12.283+05:30 DEBUG 9000 --- [CarRentalApp] [main] o.s.s.web.DefaultSecurityFilterChain     : Will secure any request with filters: DisableEncodeUrlFilter, WebAsyncManagerIntegrationFilter, SecurityContextHolderFilter, HeaderWriterFilter, LogoutFilter, BasicAuthenticationFilter, RequestCacheAwareFilter, SecurityContextHolderAwareRequestFilter, AnonymousAuthenticationFilter, SessionManagementFilter, ExceptionTranslationFilter, AuthorizationFilter
2025-04-04T22:56:12.562+05:30  INFO 9000 --- [CarRentalApp] [main] o.a.c.c.C.[Tomcat].[localhost].[/]       : Initializing Spring TestDispatcherServlet ''
