2025-04-04T22:57:24.794+05:30  INFO 14908 --- [CarRentalApp] [http-nio-8082-exec-3] c.d.C.service.CustomUserDetailsService   : User found: user2 with role: ROLE_USER
2025-04-04T22:57:24.989+05:30 DEBUG 14908 --- [CarRentalApp] [http-nio-8082-exec-3] o.s.s.a.dao.DaoAuthenticationProvider    : Authenticated user
2025-04-04T22:57:24.990+05:30 DEBUG 14908 --- [CarRentalApp] [http-nio-8082-exec-3] o.s.s.w.a.www.BasicAuthenticationFilter  : Set SecurityContextHolder to UsernamePasswordAuthenticationToken [Principal=org.springframework.security.core.userdetails.User [Username=user2, Password=[PROTECTED], Enabled=true, AccountNonExpired=true, CredentialsNonExpired=true, AccountNonLocked=true, Granted Authorities=[ROLE_USER]], Credentials=[PROTECTED], Authenticated=true, Details=WebAuthenticationDetails [RemoteIpAddress=0:0:0:0:0:0:0:1, SessionId=null], Granted Authorities=[ROLE_USER]]
2025-04-04T22:57:24.992+05:30 DEBUG 14908 --- [CarRentalApp] [http-nio-8082-exec-3] o.s.security.web.FilterChainProxy        : Secured GET /api/bookings/my
2025-04-04T22:57:24.994+05:30  INFO 14908 --- [CarRentalApp] [http-nio-8082-exec-3] c.d.C.controller.BookingController       : Fetching bookings for user: user2
2025-04-04T22:57:24.995+05:30  INFO 14908 --- [CarRentalApp] [http-nio-8082-exec-3] c.d.CarRentalApp.service.BookingService  : Fetching bookings for user: user2
2025-04-04T22:57:25.008+05:30  INFO 14908 --- [CarRentalApp] [http-nio-8082-exec-3] c.d.CarRentalApp.service.BookingService  : User user2 has 1 booking(s)
2025-04-04T22:57:25.009+05:30  INFO 14908 --- [CarRentalApp] [http-nio-8082-exec-3] c.d.C.controller.BookingController       : Total bookings found for user2: 1
2025-04-04T23:00:41.504+05:30 DEBUG 14908 --- [CarRentalApp] [http-nio-8082-exec-6] o.s.security.web.FilterChainProxy        : Securing GET /api/bookings/my
2025-04-04T23:00:41.505+05:30  INFO 14908 --- [CarRentalApp] [http-nio-8082-exec-6] c.d.C.service.CustomUserDetailsService   : Authenticating user: user2
2025-04-04T23:00:41.509+05:30  INFO 14908 --- [CarRentalApp] [http-nio-8082-exec-6] c.d.C.service.CustomUserDetailsService   : User found: user2 with role: ROLE_USER
2025-04-04T23:00:41.599+05:30 DEBUG 14908 --- [CarRentalApp] [http-nio-8082-exec-6] o.s.s.a.dao.DaoAuthenticationProvider    : Authenticated user
2025-04-04T23:00:41.599+05:30 DEBUG 14908 --- [CarRentalApp] [http-nio-8082-exec-6] o.s.s.w.a.www.BasicAuthenticationFilter  : Set SecurityContextHolder to UsernamePasswordAuthenticationToken [Principal=org.springframework.security.core.userdetails.User [Username=user2, Password=[PROTECTED], Enabled=true, AccountNonExpired=true, CredentialsNonExpired=true, AccountNonLocked=true, Granted Authorities=[ROLE_USER]], Credentials=[PROTECTED], Authenticated=true, Details=WebAuthenticationDetails [RemoteIpAddress=0:0:0:0:0:0:0:1, SessionId=null], Granted Authorities=[ROLE_USER]]
2025-04-04T23:00:41.599+05:30 DEBUG 14908 --- [CarRentalApp] [http-nio-8082-exec-6] o.s.security.web.FilterChainProxy        : Secured GET /api/bookings/my
2025-04-04T23:00:41.600+05:30  INFO 14908 --- [CarRentalApp] [http-nio-8082-exec-6] c.d.C.controller.BookingController       : Fetching bookings for user: user2
2025-04-04T23:00:41.600+05:30  INFO 14908 --- [CarRentalApp] [http-nio-8082-exec-6] c.d.CarRentalApp.service.BookingService  : Fetching bookings for user: user2
2025-04-04T23:00:41.609+05:30  INFO 14908 --- [CarRentalApp] [http-nio-8082-exec-6] c.d.CarRentalApp.service.BookingService  : User user2 has 1 booking(s)
2025-04-04T23:00:41.610+05:30  INFO 14908 --- [CarRentalApp] [http-nio-8082-exec-6] c.d.C.controller.BookingController       : Total bookings found for user2: 1
2025-04-04T23:00:47.634+05:30 DEBUG 14908 --- [CarRentalApp] [http-nio-8082-exec-7] o.s.security.web.FilterChainProxy        : Securing GET /api/cars/all
2025-04-04T23:00:47.635+05:30  INFO 14908 --- [CarRentalApp] [http-nio-8082-exec-7] c.d.C.service.CustomUserDetailsService   : Authenticating user: admin
2025-04-04T23:00:47.642+05:30  INFO 14908 --- [CarRentalApp] [http-nio-8082-exec-7] c.d.C.service.CustomUserDetailsService   : User found: admin with role: ROLE_ADMIN
2025-04-04T23:00:47.829+05:30 DEBUG 14908 --- [CarRentalApp] [http-nio-8082-exec-7] o.s.s.a.dao.DaoAuthenticationProvider    : Authenticated user
2025-04-04T23:00:47.830+05:30 DEBUG 14908 --- [CarRentalApp] [http-nio-8082-exec-7] o.s.s.w.a.www.BasicAuthenticationFilter  : Set SecurityContextHolder to UsernamePasswordAuthenticationToken [Principal=org.springframework.security.core.userdetails.User [Username=admin, Password=[PROTECTED], Enabled=true, AccountNonExpired=true, CredentialsNonExpired=true, AccountNonLocked=true, Granted Authorities=[ROLE_ADMIN]], Credentials=[PROTECTED], Authenticated=true, Details=WebAuthenticationDetails [RemoteIpAddress=0:0:0:0:0:0:0:1, SessionId=null], Granted Authorities=[ROLE_ADMIN]]
2025-04-04T23:00:47.831+05:30 DEBUG 14908 --- [CarRentalApp] [http-nio-8082-exec-7] o.s.security.web.FilterChainProxy        : Secured GET /api/cars/all
2025-04-04T23:00:47.833+05:30  INFO 14908 --- [CarRentalApp] [http-nio-8082-exec-7] c.d.C.controller.CarController           : Fetching all cars
