2025-04-04T22:56:14.044+05:30  INFO 9000 --- [CarRentalApp] [main] c.d.C.controller.CarController           : Deleting car with ID: 88
2025-04-04T22:56:14.047+05:30  INFO 9000 --- [CarRentalApp] [main] c.demo.CarRentalApp.service.CarService   : Deleting car with ID: 88
2025-04-04T22:56:14.500+05:30  INFO 9000 --- [CarRentalApp] [main] c.demo.CarRentalApp.service.CarService   : Car deleted successfully with ID: 88
2025-04-04T22:56:14.500+05:30  INFO 9000 --- [CarRentalApp] [main] c.d.C.controller.CarController           : Car deleted successfully: ID = 88
2025-04-04T22:56:14.566+05:30 DEBUG 9000 --- [CarRentalApp] [main] o.s.security.web.FilterChainProxy        : Securing POST /api/payments/make
2025-04-04T22:56:14.568+05:30 DEBUG 9000 --- [CarRentalApp] [main] o.s.security.web.FilterChainProxy        : Secured POST /api/payments/make
2025-04-04T22:56:14.574+05:30  INFO 9000 --- [CarRentalApp] [main] c.d.C.controller.PaymentController       : Payment request received from user: testuser for Booking ID: 16 with Amount: 100.0 using method: Credit Card
2025-04-04T22:56:14.604+05:30  INFO 9000 --- [CarRentalApp] [main] c.d.CarRentalApp.service.PaymentService  : Payment attempt by user: testuser for bookingId: 16
2025-04-04T22:56:14.629+05:30  INFO 9000 --- [CarRentalApp] [main] c.d.CarRentalApp.service.PaymentService  : Payment successful for booking ID: 16 by user: testuser
2025-04-04T22:56:14.629+05:30  INFO 9000 --- [CarRentalApp] [main] c.d.C.controller.PaymentController       : Payment successful! Payment ID: 7, Booking ID: 16, Amount Paid: 100.0
2025-04-04T22:56:14.714+05:30  INFO 9000 --- [CarRentalApp] [SpringApplicationShutdownHook] o.s.b.w.e.tomcat.GracefulShutdown        : Commencing graceful shutdown. Waiting for active requests to complete
2025-04-04T22:56:14.736+05:30  INFO 9000 --- [CarRentalApp] [tomcat-shutdown] o.s.b.w.e.tomcat.GracefulShutdown        : Graceful shutdown complete
2025-04-04T22:56:14.773+05:30  INFO 9000 --- [CarRentalApp] [SpringApplicationShutdownHook] j.LocalContainerEntityManagerFactoryBean : Closing JPA EntityManagerFactory for persistence unit 'default'
2025-04-04T22:56:14.779+05:30  INFO 9000 --- [CarRentalApp] [SpringApplicationShutdownHook] com.zaxxer.hikari.HikariDataSource       : HikariPool-1 - Shutdown initiated...
2025-04-04T22:56:14.798+05:30  INFO 9000 --- [CarRentalApp] [SpringApplicationShutdownHook] com.zaxxer.hikari.HikariDataSource       : HikariPool-1 - Shutdown completed.
2025-04-04T22:56:58.374+05:30  INFO 14908 --- [CarRentalApp] [main] c.d.C.CarRentalAppApplication            : Starting CarRentalAppApplication using Java 21.0.2 with PID 14908 (C:\Users\Swast\eclipse-workspace\CarRentalApp\target\classes started by Swast in C:\Users\Swast\eclipse-workspace\CarRentalApp)
2025-04-04T22:56:58.376+05:30  INFO 14908 --- [CarRentalApp] [main] c.d.C.CarRentalAppApplication            : No active profile set, falling back to 1 default profile: "default"
2025-04-04T22:56:58.956+05:30  INFO 14908 --- [CarRentalApp] [main] .s.d.r.c.RepositoryConfigurationDelegate : Bootstrapping Spring Data JPA repositories in DEFAULT mode.
2025-04-04T22:56:59.017+05:30  INFO 14908 --- [CarRentalApp] [main] .s.d.r.c.RepositoryConfigurationDelegate : Finished Spring Data repository scanning in 50 ms. Found 4 JPA repository interfaces.
2025-04-04T22:56:59.443+05:30  INFO 14908 --- [CarRentalApp] [main] o.s.b.w.embedded.tomcat.TomcatWebServer  : Tomcat initialized with port 8082 (http)
2025-04-04T22:56:59.456+05:30  INFO 14908 --- [CarRentalApp] [main] o.apache.catalina.core.StandardService   : Starting service [Tomcat]
2025-04-04T22:56:59.457+05:30  INFO 14908 --- [CarRentalApp] [main] o.apache.catalina.core.StandardEngine    : Starting Servlet engine: [Apache Tomcat/10.1.39]
2025-04-04T22:56:59.510+05:30  INFO 14908 --- [CarRentalApp] [main] o.a.c.c.C.[Tomcat].[localhost].[/]       : Initializing Spring embedded WebApplicationContext
2025-04-04T22:56:59.511+05:30  INFO 14908 --- [CarRentalApp] [main] w.s.c.ServletWebServerApplicationContext : Root WebApplicationContext: initialization completed in 1076 ms
2025-04-04T22:56:59.642+05:30  INFO 14908 --- [CarRentalApp] [main] o.hibernate.jpa.internal.util.LogHelper  : HHH000204: Processing PersistenceUnitInfo [name: default]
2025-04-04T22:56:59.676+05:30  INFO 14908 --- [CarRentalApp] [main] org.hibernate.Version                    : HHH000412: Hibernate ORM core version 6.6.11.Final
2025-04-04T22:56:59.703+05:30  INFO 14908 --- [CarRentalApp] [main] o.h.c.internal.RegionFactoryInitiator    : HHH000026: Second-level cache disabled
2025-04-04T22:56:59.930+05:30  INFO 14908 --- [CarRentalApp] [main] o.s.o.j.p.SpringPersistenceUnitInfo      : No LoadTimeWeaver setup: ignoring JPA class transformer
2025-04-04T22:56:59.953+05:30  INFO 14908 --- [CarRentalApp] [main] com.zaxxer.hikari.HikariDataSource       : HikariPool-1 - Starting...
2025-04-04T22:57:00.250+05:30  INFO 14908 --- [CarRentalApp] [main] com.zaxxer.hikari.pool.HikariPool        : HikariPool-1 - Added connection com.mysql.cj.jdbc.ConnectionImpl@9880a15
2025-04-04T22:57:00.251+05:30  INFO 14908 --- [CarRentalApp] [main] com.zaxxer.hikari.HikariDataSource       : HikariPool-1 - Start completed.
