2025-04-03T22:28:20.691+05:30  INFO 6104 --- [CarRentalApp] [RMI TCP Connection(6)-127.0.0.1] com.zaxxer.hikari.HikariDataSource       : HikariPool-1 - Shutdown initiated...
2025-04-03T22:28:20.701+05:30  INFO 6104 --- [CarRentalApp] [RMI TCP Connection(6)-127.0.0.1] com.zaxxer.hikari.HikariDataSource       : HikariPool-1 - Shutdown completed.
2025-04-03T22:28:26.206+05:30  INFO 14112 --- [CarRentalApp] [main] c.d.C.CarRentalAppApplication            : Starting CarRentalAppApplication using Java 21.0.2 with PID 14112 (C:\Users\Swast\eclipse-workspace\CarRentalApp\target\classes started by Swast in C:\Users\Swast\eclipse-workspace\CarRentalApp)
2025-04-03T22:28:26.212+05:30  INFO 14112 --- [CarRentalApp] [main] c.d.C.CarRentalAppApplication            : No active profile set, falling back to 1 default profile: "default"
2025-04-03T22:28:26.807+05:30  INFO 14112 --- [CarRentalApp] [main] .s.d.r.c.RepositoryConfigurationDelegate : Bootstrapping Spring Data JPA repositories in DEFAULT mode.
2025-04-03T22:28:26.866+05:30  INFO 14112 --- [CarRentalApp] [main] .s.d.r.c.RepositoryConfigurationDelegate : Finished Spring Data repository scanning in 51 ms. Found 4 JPA repository interfaces.
2025-04-03T22:28:27.345+05:30  INFO 14112 --- [CarRentalApp] [main] o.s.b.w.embedded.tomcat.TomcatWebServer  : Tomcat initialized with port 8082 (http)
2025-04-03T22:28:27.360+05:30  INFO 14112 --- [CarRentalApp] [main] o.apache.catalina.core.StandardService   : Starting service [Tomcat]
2025-04-03T22:28:27.360+05:30  INFO 14112 --- [CarRentalApp] [main] o.apache.catalina.core.StandardEngine    : Starting Servlet engine: [Apache Tomcat/10.1.39]
2025-04-03T22:28:27.422+05:30  INFO 14112 --- [CarRentalApp] [main] o.a.c.c.C.[Tomcat].[localhost].[/]       : Initializing Spring embedded WebApplicationContext
2025-04-03T22:28:27.423+05:30  INFO 14112 --- [CarRentalApp] [main] w.s.c.ServletWebServerApplicationContext : Root WebApplicationContext: initialization completed in 1161 ms
2025-04-03T22:28:27.576+05:30  INFO 14112 --- [CarRentalApp] [main] o.hibernate.jpa.internal.util.LogHelper  : HHH000204: Processing PersistenceUnitInfo [name: default]
2025-04-03T22:28:27.638+05:30  INFO 14112 --- [CarRentalApp] [main] org.hibernate.Version                    : HHH000412: Hibernate ORM core version 6.6.11.Final
2025-04-03T22:28:27.679+05:30  INFO 14112 --- [CarRentalApp] [main] o.h.c.internal.RegionFactoryInitiator    : HHH000026: Second-level cache disabled
2025-04-03T22:28:27.964+05:30  INFO 14112 --- [CarRentalApp] [main] o.s.o.j.p.SpringPersistenceUnitInfo      : No LoadTimeWeaver setup: ignoring JPA class transformer
2025-04-03T22:28:27.994+05:30  INFO 14112 --- [CarRentalApp] [main] com.zaxxer.hikari.HikariDataSource       : HikariPool-1 - Starting...
2025-04-03T22:28:28.399+05:30  INFO 14112 --- [CarRentalApp] [main] com.zaxxer.hikari.pool.HikariPool        : HikariPool-1 - Added connection com.mysql.cj.jdbc.ConnectionImpl@3ba97962
2025-04-03T22:28:28.402+05:30  INFO 14112 --- [CarRentalApp] [main] com.zaxxer.hikari.HikariDataSource       : HikariPool-1 - Start completed.
2025-04-03T22:28:28.458+05:30  WARN 14112 --- [CarRentalApp] [main] org.hibernate.orm.deprecation            : HHH90000025: MySQLDialect does not need to be specified explicitly using 'hibernate.dialect' (remove the property setting and it will be selected by default)
2025-04-03T22:28:28.478+05:30  INFO 14112 --- [CarRentalApp] [main] org.hibernate.orm.connections.pooling    : HHH10001005: Database info:
	Database JDBC URL [Connecting through datasource 'HikariDataSource (HikariPool-1)']
	Database driver: undefined/unknown
	Database version: 8.0.36
	Autocommit mode: undefined/unknown
	Isolation level: undefined/unknown
	Minimum pool size: undefined/unknown
	Maximum pool size: undefined/unknown
2025-04-03T22:28:29.392+05:30  INFO 14112 --- [CarRentalApp] [main] o.h.e.t.j.p.i.JtaPlatformInitiator       : HHH000489: No JTA platform available (set 'hibernate.transaction.jta.platform' to enable JTA platform integration)
2025-04-03T22:28:29.471+05:30  INFO 14112 --- [CarRentalApp] [main] j.LocalContainerEntityManagerFactoryBean : Initialized JPA EntityManagerFactory for persistence unit 'default'
2025-04-03T22:28:29.793+05:30  WARN 14112 --- [CarRentalApp] [main] JpaBaseConfiguration$JpaWebConfiguration : spring.jpa.open-in-view is enabled by default. Therefore, database queries may be performed during view rendering. Explicitly configure spring.jpa.open-in-view to disable this warning
2025-04-03T22:28:29.812+05:30  INFO 14112 --- [CarRentalApp] [main] r$InitializeUserDetailsManagerConfigurer : Global AuthenticationManager configured with UserDetailsService bean with name customUserDetailsService
2025-04-03T22:28:30.042+05:30 DEBUG 14112 --- [CarRentalApp] [main] o.s.s.web.DefaultSecurityFilterChain     : Will secure any request with filters: DisableEncodeUrlFilter, WebAsyncManagerIntegrationFilter, SecurityContextHolderFilter, HeaderWriterFilter, LogoutFilter, BasicAuthenticationFilter, RequestCacheAwareFilter, SecurityContextHolderAwareRequestFilter, AnonymousAuthenticationFilter, SessionManagementFilter, ExceptionTranslationFilter, AuthorizationFilter
